#Software: Microsoft Internet Information Services 8.5
#Version: 1.0
#Date: 2022-07-31 01:29:02
#Fields: date time s-ip cs-method cs-uri-stem cs-uri-query s-port cs-username c-ip cs(User-Agent) cs(Referer) sc-status sc-substatus sc-win32-status time-taken
2022-07-31 01:29:02 ::1 POST /WCF/svcAdminstration.svc - 80 - ::1 - - 200 0 0 2098
2022-07-31 01:29:02 ::1 POST /WCF/svcAdminstration.svc - 80 - ::1 - - 200 0 0 111
2022-07-31 01:29:02 ::1 POST /WCF/svcAdminstration.svc - 80 - ::1 - - 200 0 0 22
2022-07-31 01:29:02 ::1 POST /WCF/svcAdminstration.svc - 80 - ::1 - - 200 0 0 15
2022-07-31 01:29:02 ::1 POST /WCF/svcAdminstration.svc - 80 - ::1 - - 200 0 0 37
2022-07-31 01:29:02 ::1 POST /WCF/svcAdminstration.svc - 80 - ::1 - - 200 0 0 35
2022-07-31 01:29:02 ::1 POST /WCF/svcAdminstration.svc - 80 - ::1 - - 200 0 0 51
2022-07-31 01:29:02 ::1 POST /WCF/svcAdminstration.svc - 80 - ::1 - - 200 0 0 39
2022-07-31 01:29:21 ::1 POST /WCF/svcAdminstration.svc - 80 - ::1 - - 200 0 0 27
2022-07-31 01:30:36 ::1 POST /WCF/svcAdminstration.svc - 80 - ::1 - - 200 0 0 7
2022-07-31 01:36:30 ::1 POST /WCF/svcAdminstration.svc - 80 - ::1 - - 200 0 0 5
2022-07-31 01:36:30 ::1 POST /WCF/svcAdminstration.svc - 80 - ::1 - - 200 0 0 2
2022-07-31 01:36:30 ::1 POST /WCF/svcAdminstration.svc - 80 - ::1 - - 200 0 0 5
2022-07-31 01:36:30 ::1 POST /WCF/svcAdminstration.svc - 80 - ::1 - - 200 0 0 4
2022-07-31 01:36:30 ::1 POST /WCF/svcAdminstration.svc - 80 - ::1 - - 200 0 0 51
2022-07-31 01:36:30 ::1 POST /WCF/svcAdminstration.svc - 80 - ::1 - - 200 0 0 34
2022-07-31 01:36:30 ::1 POST /WCF/svcAdminstration.svc - 80 - ::1 - - 200 0 0 62
2022-07-31 01:36:30 ::1 POST /WCF/svcAdminstration.svc - 80 - ::1 - - 200 0 0 18
2022-07-31 01:36:36 ::1 POST /WCF/svcAdminstration.svc - 80 - ::1 - - 200 0 0 48
2022-07-31 01:36:44 ::1 POST /WCF/svcAdminstration.svc - 80 - ::1 - - 200 0 0 26
2022-07-31 01:48:52 ::1 POST /WCF/svcAdminstration.svc - 80 - ::1 - - 200 0 0 6
2022-07-31 01:48:52 ::1 POST /WCF/svcAdminstration.svc - 80 - ::1 - - 200 0 0 4
2022-07-31 01:48:52 ::1 POST /WCF/svcAdminstration.svc - 80 - ::1 - - 200 0 0 1
2022-07-31 01:48:52 ::1 POST /WCF/svcAdminstration.svc - 80 - ::1 - - 200 0 0 3
2022-07-31 01:48:52 ::1 POST /WCF/svcAdminstration.svc - 80 - ::1 - - 200 0 0 7
2022-07-31 01:48:52 ::1 POST /WCF/svcAdminstration.svc - 80 - ::1 - - 200 0 0 9
2022-07-31 01:48:52 ::1 POST /WCF/svcAdminstration.svc - 80 - ::1 - - 200 0 0 13
2022-07-31 01:48:52 ::1 POST /WCF/svcAdminstration.svc - 80 - ::1 - - 200 0 0 9
2022-07-31 01:48:59 ::1 POST /WCF/svcAdminstration.svc - 80 - ::1 - - 200 0 0 25
2022-07-31 01:49:41 ::1 POST /WCF/svcAdminstration.svc - 80 - ::1 - - 200 0 0 31
2022-07-31 01:49:41 ::1 POST /WCF/svcAdminstration.svc - 80 - ::1 - - 200 0 0 37
2022-07-31 01:49:41 ::1 POST /WCF/svcAdminstration.svc - 80 - ::1 - - 200 0 0 25
2022-07-31 01:49:50 ::1 POST /WCF/svcAdminstration.svc - 80 - ::1 - - 200 0 0 31
2022-07-31 01:54:29 ::1 POST /WCF/svcAdminstration.svc - 80 - ::1 - - 200 0 0 5
2022-07-31 01:54:29 ::1 POST /WCF/svcAdminstration.svc - 80 - ::1 - - 200 0 0 3
2022-07-31 01:54:29 ::1 POST /WCF/svcAdminstration.svc - 80 - ::1 - - 200 0 0 2
2022-07-31 01:54:29 ::1 POST /WCF/svcAdminstration.svc - 80 - ::1 - - 200 0 0 2
2022-07-31 01:54:29 ::1 POST /WCF/svcAdminstration.svc - 80 - ::1 - - 200 0 0 6
2022-07-31 01:54:29 ::1 POST /WCF/svcAdminstration.svc - 80 - ::1 - - 200 0 0 6
2022-07-31 01:54:29 ::1 POST /WCF/svcAdminstration.svc - 80 - ::1 - - 200 0 0 11
2022-07-31 01:54:29 ::1 POST /WCF/svcAdminstration.svc - 80 - ::1 - - 200 0 0 7
2022-07-31 01:54:37 ::1 POST /WCF/svcAdminstration.svc - 80 - ::1 - - 200 0 0 20
2022-07-31 01:57:41 ::1 POST /WCF/svcAdminstration.svc - 80 - ::1 - - 200 0 0 6
2022-07-31 01:57:41 ::1 POST /WCF/svcAdminstration.svc - 80 - ::1 - - 200 0 0 4
2022-07-31 01:57:41 ::1 POST /WCF/svcAdminstration.svc - 80 - ::1 - - 200 0 0 3
2022-07-31 01:57:41 ::1 POST /WCF/svcAdminstration.svc - 80 - ::1 - - 200 0 0 4
2022-07-31 01:57:41 ::1 POST /WCF/svcAdminstration.svc - 80 - ::1 - - 200 0 0 7
2022-07-31 01:57:41 ::1 POST /WCF/svcAdminstration.svc - 80 - ::1 - - 200 0 0 16
2022-07-31 01:57:41 ::1 POST /WCF/svcAdminstration.svc - 80 - ::1 - - 200 0 0 15
2022-07-31 01:57:41 ::1 POST /WCF/svcAdminstration.svc - 80 - ::1 - - 200 0 0 10
2022-07-31 01:57:47 ::1 POST /WCF/svcAdminstration.svc - 80 - ::1 - - 200 0 0 23
2022-07-31 02:00:56 ::1 POST /WCF/svcAdminstration.svc - 80 - ::1 - - 200 0 0 7
2022-07-31 02:00:56 ::1 POST /WCF/svcAdminstration.svc - 80 - ::1 - - 200 0 0 5
2022-07-31 02:00:56 ::1 POST /WCF/svcAdminstration.svc - 80 - ::1 - - 200 0 0 1
2022-07-31 02:00:56 ::1 POST /WCF/svcAdminstration.svc - 80 - ::1 - - 200 0 0 4
2022-07-31 02:00:56 ::1 POST /WCF/svcAdminstration.svc - 80 - ::1 - - 200 0 0 6
2022-07-31 02:00:56 ::1 POST /WCF/svcAdminstration.svc - 80 - ::1 - - 200 0 0 11
2022-07-31 02:00:56 ::1 POST /WCF/svcAdminstration.svc - 80 - ::1 - - 200 0 0 8
2022-07-31 02:00:56 ::1 POST /WCF/svcAdminstration.svc - 80 - ::1 - - 200 0 0 7
2022-07-31 02:01:03 ::1 POST /WCF/svcAdminstration.svc - 80 - ::1 - - 200 0 0 27
2022-07-31 02:02:24 ::1 POST /WCF/svcAdminstration.svc - 80 - ::1 - - 200 0 0 6
2022-07-31 02:02:24 ::1 POST /WCF/svcAdminstration.svc - 80 - ::1 - - 200 0 0 4
2022-07-31 02:02:24 ::1 POST /WCF/svcAdminstration.svc - 80 - ::1 - - 200 0 0 3
2022-07-31 02:02:24 ::1 POST /WCF/svcAdminstration.svc - 80 - ::1 - - 200 0 0 4
2022-07-31 02:02:24 ::1 POST /WCF/svcAdminstration.svc - 80 - ::1 - - 200 0 0 6
2022-07-31 02:02:24 ::1 POST /WCF/svcAdminstration.svc - 80 - ::1 - - 200 0 0 10
2022-07-31 02:02:24 ::1 POST /WCF/svcAdminstration.svc - 80 - ::1 - - 200 0 0 10
2022-07-31 02:02:24 ::1 POST /WCF/svcAdminstration.svc - 80 - ::1 - - 200 0 0 13
2022-07-31 02:02:30 ::1 POST /WCF/svcAdminstration.svc - 80 - ::1 - - 200 0 0 20
2022-07-31 02:03:13 ::1 POST /WCF/svcAdminstration.svc - 80 - ::1 - - 200 0 0 5
2022-07-31 02:03:13 ::1 POST /WCF/svcAdminstration.svc - 80 - ::1 - - 200 0 0 4
2022-07-31 02:03:13 ::1 POST /WCF/svcAdminstration.svc - 80 - ::1 - - 200 0 0 3
2022-07-31 02:03:13 ::1 POST /WCF/svcAdminstration.svc - 80 - ::1 - - 200 0 0 4
2022-07-31 02:03:13 ::1 POST /WCF/svcAdminstration.svc - 80 - ::1 - - 200 0 0 10
2022-07-31 02:03:13 ::1 POST /WCF/svcAdminstration.svc - 80 - ::1 - - 200 0 0 8
2022-07-31 02:03:13 ::1 POST /WCF/svcAdminstration.svc - 80 - ::1 - - 200 0 0 8
2022-07-31 02:03:13 ::1 POST /WCF/svcAdminstration.svc - 80 - ::1 - - 200 0 0 14
2022-07-31 02:03:19 ::1 POST /WCF/svcAdminstration.svc - 80 - ::1 - - 200 0 0 28
2022-07-31 02:04:18 ::1 POST /WCF/svcAdminstration.svc - 80 - ::1 - - 200 0 0 5
2022-07-31 02:04:18 ::1 POST /WCF/svcAdminstration.svc - 80 - ::1 - - 200 0 0 4
2022-07-31 02:04:18 ::1 POST /WCF/svcAdminstration.svc - 80 - ::1 - - 200 0 0 2
2022-07-31 02:04:18 ::1 POST /WCF/svcAdminstration.svc - 80 - ::1 - - 200 0 0 4
2022-07-31 02:04:18 ::1 POST /WCF/svcAdminstration.svc - 80 - ::1 - - 200 0 0 5
2022-07-31 02:04:18 ::1 POST /WCF/svcAdminstration.svc - 80 - ::1 - - 200 0 0 7
2022-07-31 02:04:18 ::1 POST /WCF/svcAdminstration.svc - 80 - ::1 - - 200 0 0 6
2022-07-31 02:04:18 ::1 POST /WCF/svcAdminstration.svc - 80 - ::1 - - 200 0 0 5
2022-07-31 02:04:24 ::1 POST /WCF/svcAdminstration.svc - 80 - ::1 - - 200 0 0 30
#Software: Microsoft Internet Information Services 8.5
#Version: 1.0
#Date: 2022-07-31 16:44:55
#Fields: date time s-ip cs-method cs-uri-stem cs-uri-query s-port cs-username c-ip cs(User-Agent) cs(Referer) sc-status sc-substatus sc-win32-status time-taken
2022-07-31 16:44:55 ::1 POST /WCF/svcAdminstration.svc - 80 - ::1 - - 200 0 0 1685
2022-07-31 16:44:55 ::1 POST /WCF/svcAdminstration.svc - 80 - ::1 - - 200 0 0 163
2022-07-31 16:44:55 ::1 POST /WCF/svcAdminstration.svc - 80 - ::1 - - 200 0 0 24
2022-07-31 16:44:55 ::1 POST /WCF/svcAdminstration.svc - 80 - ::1 - - 200 0 0 20
2022-07-31 16:44:55 ::1 POST /WCF/svcAdminstration.svc - 80 - ::1 - - 200 0 0 25
2022-07-31 16:44:55 ::1 POST /WCF/svcAdminstration.svc - 80 - ::1 - - 200 0 0 47
2022-07-31 16:44:55 ::1 POST /WCF/svcAdminstration.svc - 80 - ::1 - - 200 0 0 36
2022-07-31 16:44:55 ::1 POST /WCF/svcAdminstration.svc - 80 - ::1 - - 200 0 0 35
2022-07-31 16:45:03 ::1 POST /WCF/svcAdminstration.svc - 80 - ::1 - - 200 0 0 80
